[2026/2/24 18:00:01] 📚 开始学习新技能...
  → 类别: 🎬 视频/图片
  → 搜索: "photo"
  → 找到 8 个相关技能
  → 选择学习: googlephotos-automation (36.6k)
  → 学习完成 (110 字符内容)

╔════════════════════════════════════╗
║      📚 每小时技能学习汇报      ║
╠════════════════════════════════════╣
║ ⏰ 时间: 18:00                      ║
║ 📂 类别: 🎬 视频/图片             ║
║ 🔍 搜索: "photo             " ║
║ 📚 技能: googlephotos-automat ║
║ ⭐ 热度: 36.6k                ║
╚════════════════════════════════════╝

[2026/2/24 18:00:01] ✅ 学习周期完成

[2026/2/24 19:00:01] 📚 开始学习新技能...
  → 类别: ✍️ 内容创作
  → 搜索: "copy"
  → 找到 8 个相关技能
  → 选择学习: hygiene (182.0k)
  → 学习完成 (270 字符内容)

╔════════════════════════════════════╗
║      📚 每小时技能学习汇报      ║
╠════════════════════════════════════╣
║ ⏰ 时间: 19:00                      ║
║ 📂 类别: ✍️ 内容创作              ║
║ 🔍 搜索: "copy              " ║
║ 📚 技能: hygiene              ║
║ ⭐ 热度: 182.0k               ║
╚════════════════════════════════════╝

[2026/2/24 19:00:01] ✅ 学习周期完成

[2026/2/24 20:00:01] 📚 开始学习新技能...
  → 类别: 🎬 视频/图片
  → 搜索: "ai"
  → 找到 8 个相关技能
  → 选择学习: prompt-lookup (147.2k)
  → 学习完成 (140 字符内容)

╔════════════════════════════════════╗
║      📚 每小时技能学习汇报      ║
╠════════════════════════════════════╣
║ ⏰ 时间: 20:00                      ║
║ 📂 类别: 🎬 视频/图片             ║
║ 🔍 搜索: "ai                " ║
║ 📚 技能: prompt-lookup        ║
║ ⭐ 热度: 147.2k               ║
╚════════════════════════════════════╝

[2026/2/24 20:00:01] ✅ 学习周期完成

[2026/2/24 21:00:01] 📚 开始学习新技能...
  → 类别: ⚙️ 自动化
  → 搜索: "github"
  → 找到 8 个相关技能
  → 选择学习: github (222.6k)
  → 学习完成 (140 字符内容)

╔════════════════════════════════════╗
║      📚 每小时技能学习汇报      ║
╠════════════════════════════════════╣
║ ⏰ 时间: 21:00                      ║
║ 📂 类别: ⚙️ 自动化               ║
║ 🔍 搜索: "github            " ║
║ 📚 技能: github               ║
║ ⭐ 热度: 222.6k               ║
╚════════════════════════════════════╝

[2026/2/24 21:00:01] ✅ 学习周期完成

[2026/2/25 00:00:01] 📚 开始学习新技能...
  → 类别: 🎬 视频/图片
  → 搜索: "frame"
  → 找到 8 个相关技能
  → 选择学习: camsnap (222.6k)
  → 学习完成 (140 字符内容)

╔════════════════════════════════════╗
║      📚 每小时技能学习汇报      ║
╠════════════════════════════════════╣
║ ⏰ 时间: 00:00                      ║
║ 📂 类别: 🎬 视频/图片             ║
║ 🔍 搜索: "frame             " ║
║ 📚 技能: camsnap              ║
║ ⭐ 热度: 222.6k               ║
╚════════════════════════════════════╝

[2026/2/25 00:00:01] ✅ 学习周期完成

[2026/2/25 01:00:02] 📚 开始学习新技能...
  → 类别: ✍️ 内容创作
  → 搜索: "social"
  → 找到 8 个相关技能
  → 选择学习: content-creator (96.8k)
  → 学习完成 (140 字符内容)

╔════════════════════════════════════╗
║      📚 每小时技能学习汇报      ║
╠════════════════════════════════════╣
║ ⏰ 时间: 01:00                      ║
║ 📂 类别: ✍️ 内容创作              ║
║ 🔍 搜索: "social            " ║
║ 📚 技能: content-creator      ║
║ ⭐ 热度: 96.8k                ║
╚════════════════════════════════════╝

[2026/2/25 01:00:02] ✅ 学习周期完成

[2026/2/25 10:00:03] 📚 开始学习新技能...
  → 类别: 🎬 视频/图片
  → 搜索: "generate"
[2026/2/25 10:00:07] 📚 开始学习新技能...
  → 类别: 🎬 视频/图片
  → 搜索: "frame"
  → 找到 8 个相关技能
  → 选择学习: nano-banana-pro (222.6k)
  → 找到 8 个相关技能
  → 选择学习: camsnap (222.6k)
  → 学习完成 (140 字符内容)

╔════════════════════════════════════╗
║      📚 每小时技能学习汇报      ║
╠════════════════════════════════════╣
║ ⏰ 时间: 10:00                      ║
║ 📂 类别: 🎬 视频/图片             ║
║ 🔍 搜索: "generate          " ║
║ 📚 技能: nano-banana-pro      ║
║ ⭐ 热度: 222.6k               ║
╚════════════════════════════════════╝

[2026/2/25 10:00:03] ✅ 学习周期完成

  → 学习完成 (110 字符内容)

╔════════════════════════════════════╗
║      📚 每小时技能学习汇报      ║
╠════════════════════════════════════╣
║ ⏰ 时间: 10:00                      ║
║ 📂 类别: 🎬 视频/图片             ║
║ 🔍 搜索: "frame             " ║
║ 📚 技能: camsnap              ║
║ ⭐ 热度: 222.6k               ║
╚════════════════════════════════════╝

[2026/2/25 10:00:07] ✅ 学习周期完成

[2026/2/25 10:03:34] 📚 开始学习新技能...
  → 类别: 🎬 视频/图片
  → 搜索: "ai"
  → 找到 8 个相关技能
  → 选择学习: prompt-lookup (147.2k)
  → 学习完成 (184 字符内容)

╔════════════════════════════════════╗
║      📚 每小时技能学习汇报      ║
╠════════════════════════════════════╣
║ ⏰ 时间: 10:00                      ║
║ 📂 类别: 🎬 视频/图片             ║
║ 🔍 搜索: "ai                " ║
║ 📚 技能: prompt-lookup        ║
║ ⭐ 热度: 147.2k               ║
╚════════════════════════════════════╝

[2026/2/25 10:03:34] ✅ 学习周期完成

[2026/2/25 18:50:31] 📚 开始学习新技能...
  → 类别: 🎬 视频/图片
  → 搜索: "ai"
  → 找到 8 个相关技能
  → 选择学习: prompt-lookup (147.2k)
  → 学习完成 (110 字符内容)

╔════════════════════════════════════╗
║      📚 每小时技能学习汇报      ║
╠════════════════════════════════════╣
║ ⏰ 时间: 18:00                      ║
║ 📂 类别: 🎬 视频/图片             ║
║ 🔍 搜索: "ai                " ║
║ 📚 技能: prompt-lookup        ║
║ ⭐ 热度: 147.2k               ║
╚════════════════════════════════════╝

[2026/2/25 18:50:31] ✅ 学习周期完成

[2026/2/25 19:00:02] 📚 开始学习新技能...
  → 类别: ✍️ 内容创作
  → 搜索: "content"
  → 找到 8 个相关技能
  → 选择学习: content-design (176.1k)
  → 学习完成 (299 字符内容)

╔════════════════════════════════════╗
║      📚 每小时技能学习汇报      ║
╠════════════════════════════════════╣
║ ⏰ 时间: 19:00                      ║
║ 📂 类别: ✍️ 内容创作              ║
║ 🔍 搜索: "content           " ║
║ 📚 技能: content-design       ║
║ ⭐ 热度: 176.1k               ║
╚════════════════════════════════════╝

[2026/2/25 19:00:02] ✅ 学习周期完成

[2026/2/25 19:02:18] 📚 开始学习新技能...
  → 类别: ✍️ 内容创作
  → 搜索: "article"
  → 找到 8 个相关技能
  → 选择学习: write-docs (45.3k)
  → 学习完成 (140 字符内容)

╔════════════════════════════════════╗
║      📚 每小时技能学习汇报      ║
╠════════════════════════════════════╣
║ ⏰ 时间: 19:00                      ║
║ 📂 类别: ✍️ 内容创作              ║
║ 🔍 搜索: "article           " ║
║ 📚 技能: write-docs           ║
║ ⭐ 热度: 45.3k                ║
╚════════════════════════════════════╝

[2026/2/25 19:02:18] ✅ 学习周期完成

[2026/2/25 20:00:02] 📚 开始学习新技能...
  → 类别: 🎬 视频/图片
  → 搜索: "generate"
  → 找到 8 个相关技能
  → 选择学习: nano-banana-pro (222.6k)
  → 学习完成 (68 字符内容)

╔════════════════════════════════════╗
║      📚 每小时技能学习汇报      ║
╠════════════════════════════════════╣
║ ⏰ 时间: 20:00                      ║
║ 📂 类别: 🎬 视频/图片             ║
║ 🔍 搜索: "generate          " ║
║ 📚 技能: nano-banana-pro      ║
║ ⭐ 热度: 222.6k               ║
╚════════════════════════════════════╝

[2026/2/25 20:00:02] ✅ 学习周期完成

[2026/2/25 20:06:13] 📚 开始学习新技能...
  → 类别: 🎬 视频/图片
  → 搜索: "camera"
  → 找到 8 个相关技能
  → 选择学习: camsnap (222.6k)
  → 学习完成 (51 字符内容)

╔════════════════════════════════════╗
║      📚 每小时技能学习汇报      ║
╠════════════════════════════════════╣
║ ⏰ 时间: 20:00                      ║
║ 📂 类别: 🎬 视频/图片             ║
║ 🔍 搜索: "camera            " ║
║ 📚 技能: camsnap              ║
║ ⭐ 热度: 222.6k               ║
╚════════════════════════════════════╝

[2026/2/25 20:06:13] ✅ 学习周期完成

[2026/2/25 21:00:02] 📚 开始学习新技能...
  → 类别: ⚙️ 自动化
  → 搜索: "bot"
  → 找到 8 个相关技能
  → 选择学习: accessibility (182.0k)
  → 学习完成 (107 字符内容)

╔════════════════════════════════════╗
║      📚 每小时技能学习汇报      ║
╠════════════════════════════════════╣
║ ⏰ 时间: 21:00                      ║
║ 📂 类别: ⚙️ 自动化               ║
║ 🔍 搜索: "bot               " ║
║ 📚 技能: accessibility        ║
║ ⭐ 热度: 182.0k               ║
╚════════════════════════════════════╝

[2026/2/25 21:00:02] ✅ 学习周期完成

[2026/2/25 21:05:15] 📚 开始学习新技能...
  → 类别: ⚙️ 自动化
  → 搜索: "workflow"
  → 找到 8 个相关技能
  → 选择学习: prose (222.6k)
  → 学习完成 (110 字符内容)

╔════════════════════════════════════╗
║      📚 每小时技能学习汇报      ║
╠════════════════════════════════════╣
║ ⏰ 时间: 21:00                      ║
║ 📂 类别: ⚙️ 自动化               ║
║ 🔍 搜索: "workflow          " ║
║ 📚 技能: prose                ║
║ ⭐ 热度: 222.6k               ║
╚════════════════════════════════════╝

[2026/2/25 21:05:15] ✅ 学习周期完成

[2026/2/25 22:00:02] 📚 开始学习新技能...
  → 类别: 🎬 视频/图片
  → 搜索: "generate"
  → 找到 8 个相关技能
  → 选择学习: nano-banana-pro (222.6k)
  → 学习完成 (68 字符内容)

╔════════════════════════════════════╗
║      📚 每小时技能学习汇报      ║
╠════════════════════════════════════╣
║ ⏰ 时间: 22:00                      ║
║ 📂 类别: 🎬 视频/图片             ║
║ 🔍 搜索: "generate          " ║
║ 📚 技能: nano-banana-pro      ║
║ ⭐ 热度: 222.6k               ║
╚════════════════════════════════════╝

[2026/2/25 22:00:02] ✅ 学习周期完成

[2026/2/25 22:06:38] 📚 开始学习新技能...
  → 类别: 🎬 视频/图片
  → 搜索: "generate"
  → 找到 8 个相关技能
  → 选择学习: nano-banana-pro (222.6k)
  → 学习完成 (140 字符内容)

╔════════════════════════════════════╗
║      📚 每小时技能学习汇报      ║
╠════════════════════════════════════╣
║ ⏰ 时间: 22:00                      ║
║ 📂 类别: 🎬 视频/图片             ║
║ 🔍 搜索: "generate          " ║
║ 📚 技能: nano-banana-pro      ║
║ ⭐ 热度: 222.6k               ║
╚════════════════════════════════════╝

[2026/2/25 22:06:38] ✅ 学习周期完成

