[Wed Feb 25 10:00:02 CST 2026] 开始本地备份...
  → 保存系统状态...
  → 备份学习日志...
  → Git备份...
[master 38bcd74] Auto backup: 20260225_100002
 12 files changed, 426 insertions(+), 3 deletions(-)
 create mode 100644 backup/hourly/2026-02-25/20260225_100002-skills.json
 create mode 100644 backup/hourly/2026-02-25/20260225_100002-system.json
 create mode 100644 backup/system/logs/feishu_sync.log
 create mode 100644 backup/system/logs/hourly.log
 create mode 100644 data/daily-reports/daily_report_2026-02-25.md
 create mode 100644 data/daily-reports/daily_report_latest.md
 create mode 100644 search-1.png
 create mode 100644 search-9.png
[Wed Feb 25 10:00:03 CST 2026] 备份完成: /home/zzyuzhangxing/.openclaw/workspace/backup/hourly/2026-02-25/
[Wed Feb 25 19:00:02 CST 2026] 开始本地备份...
  → 保存系统状态...
  → 备份学习日志...
  → Git备份...
[master 49ad098] Auto backup: 20260225_190002
 3 files changed, 220 insertions(+)
 create mode 100644 backup/hourly/2026-02-25/20260225_190002-skills.json
 create mode 100644 backup/hourly/2026-02-25/20260225_190002-system.json
[Wed Feb 25 19:00:02 CST 2026] 备份完成: /home/zzyuzhangxing/.openclaw/workspace/backup/hourly/2026-02-25/
[Wed Feb 25 20:00:02 CST 2026] 开始本地备份...
  → 保存系统状态...
  → 备份学习日志...
  → Git备份...
[master bbebbca] Auto backup: 20260225_200002
 4 files changed, 327 insertions(+)
 create mode 100644 backup/hourly/2026-02-25/20260225_200002-skills.json
 create mode 100644 backup/hourly/2026-02-25/20260225_200002-system.json
 create mode 100644 data/daily-reports/summary_20260225.md
[Wed Feb 25 20:00:02 CST 2026] 备份完成: /home/zzyuzhangxing/.openclaw/workspace/backup/hourly/2026-02-25/
[Wed Feb 25 21:00:02 CST 2026] 开始本地备份...
  → 保存系统状态...
  → 备份学习日志...
  → Git备份...
[master 9225090] Auto backup: 20260225_210002
 9 files changed, 609 insertions(+), 141 deletions(-)
 create mode 100644 .env.twitter
 create mode 100644 backup/hourly/2026-02-25/20260225_210002-skills.json
 create mode 100644 backup/hourly/2026-02-25/20260225_210002-system.json
 create mode 100644 data/x-ai-trending/x_trending_20260225_20.json
 create mode 100644 data/x-ai-trending/x_trending_latest.json
 create mode 100644 docs/twitter-api-setup.md
[Wed Feb 25 21:00:02 CST 2026] 备份完成: /home/zzyuzhangxing/.openclaw/workspace/backup/hourly/2026-02-25/
[Wed Feb 25 22:00:01 CST 2026] 开始本地备份...
  → 保存系统状态...
  → 备份学习日志...
  → Git备份...
[master ad111d4] Auto backup: 20260225_220001
 12 files changed, 486 insertions(+), 19 deletions(-)
 create mode 100644 backup/hourly/2026-02-25/20260225_220001-skills.json
 create mode 100644 backup/hourly/2026-02-25/20260225_220001-system.json
 create mode 100644 "\345\255\246\344\271\240\346\227\266\351\227\264:"
 create mode 100644 "\346\220\234\347\264\242\350\257\215:"
 create mode 100644 "\347\212\266\346\200\201:"
[Wed Feb 25 22:00:01 CST 2026] 备份完成: /home/zzyuzhangxing/.openclaw/workspace/backup/hourly/2026-02-25/
[Wed Feb 25 23:00:01 CST 2026] 开始本地备份...
  → 保存系统状态...
  → 备份学习日志...
  → Git备份...
