[2026-02-26 11:26:19] [INFO] ============================================================
[2026-02-26 11:26:19] [INFO] 📊 老鱼B站账号数据监控
[2026-02-26 11:26:19] [INFO] ============================================================
[2026-02-26 11:26:19] [INFO] 已加载Cookie配置文件
[2026-02-26 11:26:19] [INFO] 🕐 采集时间: 2026-02-26 11:26:19
[2026-02-26 11:26:19] [INFO] 🎯 目标账号: UID 17919458
[2026-02-26 11:26:19] [INFO] 📥 获取账号信息...
[2026-02-26 11:26:19] [INFO] 请求用户信息: https://api.bilibili.com/x/space/acc/info?mid=17919458
[2026-02-26 11:26:19] [INFO] 用户信息响应: code=-799, message=请求过于频繁，请稍后再试
[2026-02-26 11:26:19] [ERROR] 获取用户信息失败: 请求过于频繁，请稍后再试
[2026-02-26 11:26:19] [ERROR] ❌ 无法获取账号信息，可能是Cookie过期
[2026-02-26 11:26:19] [INFO] ✅ 错误报告已保存: /home/zzyuzhangxing/.openclaw/workspace/data/bilibili/personal/account_report_20260226.md
[2026-02-26 20:27:39] [INFO] ============================================================
[2026-02-26 20:27:39] [INFO] 📊 老鱼B站账号数据监控
[2026-02-26 20:27:39] [INFO] ============================================================
[2026-02-26 20:27:39] [INFO] 已加载Cookie配置文件
[2026-02-26 20:27:39] [INFO] 🕐 采集时间: 2026-02-26 20:27:39
[2026-02-26 20:27:39] [INFO] 🎯 目标账号: UID 17919458
[2026-02-26 20:27:39] [INFO] 📥 获取账号信息...
[2026-02-26 20:27:39] [INFO] 请求用户信息: https://api.bilibili.com/x/space/acc/info?mid=17919458
[2026-02-26 20:27:39] [INFO] 用户信息响应: code=0, message=OK
[2026-02-26 20:27:39] [INFO] ✅ 账号: Work-Fisher
[2026-02-26 20:27:39] [INFO] ✅ 粉丝: 0
[2026-02-26 20:27:39] [INFO] 📥 获取视频列表...
[2026-02-26 20:27:39] [INFO] 请求视频列表...
[2026-02-26 20:27:40] [INFO] 视频列表响应: code=-403
[2026-02-26 20:27:40] [WARN] 获取视频列表失败: 访问权限不足
[2026-02-26 20:27:40] [INFO] ✅ 获取到 0 个视频
[2026-02-26 20:27:40] [INFO] ✅ 总播放: 0
[2026-02-26 20:27:40] [INFO] 📝 生成数据报告...
[2026-02-26 20:27:40] [INFO] ✅ 报告已保存: /home/zzyuzhangxing/.openclaw/workspace/data/bilibili/personal/account_report_20260226.md
[2026-02-26 20:27:40] [INFO] ============================================================
[2026-02-26 20:27:40] [INFO] 📊 账号数据摘要
[2026-02-26 20:27:40] [INFO] ============================================================
[2026-02-26 20:27:40] [INFO] 👤 昵称: Work-Fisher
[2026-02-26 20:27:40] [INFO] 👥 粉丝: 0
[2026-02-26 20:27:40] [INFO] 📹 视频: 0 个
[2026-02-26 20:27:40] [INFO] ▶️  总播放: 0
[2026-02-26 20:27:40] [INFO] 
✅ 数据报告: /home/zzyuzhangxing/.openclaw/workspace/data/bilibili/personal/account_report_20260226.md
[2026-02-26 20:35:14] [INFO] ============================================================
[2026-02-26 20:35:14] [INFO] 📊 老鱼B站账号数据监控
[2026-02-26 20:35:14] [INFO] ============================================================
[2026-02-26 20:35:14] [INFO] 已加载Cookie配置文件
[2026-02-26 20:35:14] [INFO] 🕐 采集时间: 2026-02-26 20:35:14
[2026-02-26 20:35:14] [INFO] 🎯 目标账号: UID 17919458
[2026-02-26 20:35:14] [INFO] 📥 获取账号信息...
[2026-02-26 20:35:14] [INFO] 请求用户信息: https://api.bilibili.com/x/space/acc/info?mid=17919458
[2026-02-26 20:35:15] [INFO] 用户信息响应: code=0, message=OK
[2026-02-26 20:35:15] [INFO] ✅ 账号: Work-Fisher
[2026-02-26 20:35:15] [INFO] ✅ 粉丝: 0
[2026-02-26 20:35:15] [INFO] 📥 获取视频列表...
[2026-02-26 20:35:15] [INFO] 请求视频列表...
[2026-02-26 20:35:15] [INFO] 视频列表响应: code=-403
[2026-02-26 20:35:15] [WARN] 获取视频列表失败: 访问权限不足
[2026-02-26 20:35:15] [INFO] ✅ 获取到 0 个视频
[2026-02-26 20:35:15] [INFO] ✅ 总播放: 0
[2026-02-26 20:35:15] [INFO] 📝 生成数据报告...
[2026-02-26 20:35:15] [INFO] ✅ 报告已保存: /home/zzyuzhangxing/.openclaw/workspace/data/bilibili/personal/account_report_20260226.md
[2026-02-26 20:35:15] [INFO] ============================================================
[2026-02-26 20:35:15] [INFO] 📊 账号数据摘要
[2026-02-26 20:35:15] [INFO] ============================================================
[2026-02-26 20:35:15] [INFO] 👤 昵称: Work-Fisher
[2026-02-26 20:35:15] [INFO] 👥 粉丝: 0
[2026-02-26 20:35:15] [INFO] 📹 视频: 0 个
[2026-02-26 20:35:15] [INFO] ▶️  总播放: 0
[2026-02-26 20:35:15] [INFO] 
✅ 数据报告: /home/zzyuzhangxing/.openclaw/workspace/data/bilibili/personal/account_report_20260226.md
[2026-02-27 09:00:31] [INFO] ============================================================
[2026-02-27 09:00:31] [INFO] 📊 老鱼B站账号数据监控
[2026-02-27 09:00:31] [INFO] ============================================================
[2026-02-27 09:00:31] [INFO] 已加载Cookie配置文件
[2026-02-27 09:00:31] [INFO] 🕐 采集时间: 2026-02-27 09:00:31
[2026-02-27 09:00:31] [INFO] 🎯 目标账号: UID 17919458
[2026-02-27 09:00:31] [INFO] 📥 获取账号信息...
[2026-02-27 09:00:31] [INFO] 请求用户信息: https://api.bilibili.com/x/space/acc/info?mid=17919458
[2026-02-27 09:00:31] [INFO] 用户信息响应: code=-799, message=请求过于频繁，请稍后再试
[2026-02-27 09:00:31] [ERROR] 获取用户信息失败: 请求过于频繁，请稍后再试
[2026-02-27 09:00:31] [ERROR] ❌ 无法获取账号信息，可能是Cookie过期
[2026-02-27 09:00:31] [INFO] ✅ 错误报告已保存: /home/zzyuzhangxing/.openclaw/workspace/data/bilibili/personal/account_report_20260227.md
[2026-02-27 12:56:09] [INFO] ============================================================
[2026-02-27 12:56:09] [INFO] 📊 老鱼B站账号数据监控
[2026-02-27 12:56:09] [INFO] ============================================================
[2026-02-27 12:56:09] [INFO] 已加载Cookie配置文件
[2026-02-27 12:56:09] [INFO] 🕐 采集时间: 2026-02-27 12:56:09
[2026-02-27 12:56:09] [INFO] 🎯 目标账号: UID 17919458
[2026-02-27 12:56:09] [INFO] 📥 获取账号信息...
[2026-02-27 12:56:09] [INFO] 请求用户信息: https://api.bilibili.com/x/space/acc/info?mid=17919458
[2026-02-27 12:56:09] [INFO] 用户信息响应: code=-799, message=请求过于频繁，请稍后再试
[2026-02-27 12:56:09] [ERROR] 获取用户信息失败: 请求过于频繁，请稍后再试
[2026-02-27 12:56:09] [ERROR] ❌ 无法获取账号信息，可能是Cookie过期
[2026-02-27 12:56:09] [INFO] ✅ 错误报告已保存: /home/zzyuzhangxing/.openclaw/workspace/data/bilibili/personal/account_report_20260227.md
